<?xml version="1.0" encoding="UTF-8"?>
<!-- Generated by org.testng.reporters.JUnitXMLReporter -->
<testsuite hostname="LAPTOP-6QL6BV50" ignored="0" name="Test" tests="3" failures="0" timestamp="15 Feb 2020 12:11:23 GMT" time="0.03" errors="0">
  <testcase name="test1" time="0.01" classname="Launch_url.Launch_url.Demo1"/>
  <testcase name="test2" time="0.002" classname="Launch_url.Launch_url.Demo1"/>
  <testcase name="test3" time="0.001" classname="Launch_url.Launch_url.Demo1"/>
</testsuite> <!-- Test -->
